#
# There is insufficient memory for the Java Runtime Environment to continue.
# Native memory allocation (malloc) failed to allocate 65552 bytes for Chunk::new
# Possible reasons:
#   The system is out of physical RAM or swap space
#   The process is running with CompressedOops enabled, and the Java Heap may be blocking the growth of the native heap
# Possible solutions:
#   Reduce memory load on the system
#   Increase physical memory or swap space
#   Check if swap backing store is full
#   Decrease Java heap size (-Xmx/-Xms)
#   Decrease number of Java threads
#   Decrease Java thread stack sizes (-Xss)
#   Set larger code cache with -XX:ReservedCodeCacheSize=
#   JVM is running with Unscaled Compressed Oops mode in which the Java heap is
#     placed in the first 4GB address space. The Java Heap base address is the
#     maximum limit for the native heap growth. Please use -XX:HeapBaseMinAddress
#     to set the Java Heap base and to place the Java Heap above 4GB virtual address.
# This output file may be truncated or incomplete.
#
#  Out of Memory Error (arena.cpp:184), pid=2480, tid=10340
#
# JRE version: Java(TM) SE Runtime Environment (18.0.1+10) (build 18.0.1+10-24)
# Java VM: Java HotSpot(TM) 64-Bit Server VM (18.0.1+10-24, mixed mode, sharing, tiered, compressed oops, compressed class ptrs, g1 gc, windows-amd64)
# No core dump will be written. Minidumps are not enabled by default on client versions of Windows
#

---------------  S U M M A R Y ------------

Command Line: -javaagent:C:\IntelliJ IDEA Community Edition 2022.1\lib\idea_rt.jar=57062:C:\IntelliJ IDEA Community Edition 2022.1\bin -Dfile.encoding=UTF-8 com.gestion.concoursspringboot.ConcoursSpringbootApplication

Host: Intel(R) Core(TM) i5-4200M CPU @ 2.50GHz, 2 cores, 7G,  Windows 10 , 64 bit Build 19041 (10.0.19041.1889)
Time: Wed Sep 14 08:40:19 2022 Bélarus elapsed time: 570.443004 seconds (0d 0h 9m 30s)

---------------  T H R E A D  ---------------

Current thread (0x000001caff668960):  JavaThread "C2 CompilerThread0" daemon [_thread_in_native, id=10340, stack(0x0000008176600000,0x0000008176700000)]


Current CompileTask:
C2: 570443 5819       4       org.springframework.boot.devtools.filewatch.DirectorySnapshot::collectFiles (99 bytes)

Stack: [0x0000008176600000,0x0000008176700000]
Native frames: (J=compiled Java code, j=interpreted, Vv=VM code, C=native code)
V  [jvm.dll+0x69887a]
V  [jvm.dll+0x7f38bd]
V  [jvm.dll+0x7f51ce]
V  [jvm.dll+0x7f5883]
V  [jvm.dll+0x25ca3f]
V  [jvm.dll+0xb8c2f]
V  [jvm.dll+0xb8fa5]
V  [jvm.dll+0xb8d4b]
V  [jvm.dll+0x67744c]
V  [jvm.dll+0x236669]
V  [jvm.dll+0x6bb68d]
V  [jvm.dll+0x231033]
V  [jvm.dll+0x22eeeb]
V  [jvm.dll+0x1b9cfc]
V  [jvm.dll+0x23e8ca]
V  [jvm.dll+0x23cbb5]
V  [jvm.dll+0x7a5fb1]
V  [jvm.dll+0x7a03ea]
V  [jvm.dll+0x697725]
C  [ucrtbase.dll+0x21bb2]
C  [KERNEL32.DLL+0x17034]
C  [ntdll.dll+0x52651]


---------------  P R O C E S S  ---------------

Threads class SMR info:
_java_thread_list=0x000001ca8760bf30, length=31, elements={
0x000001caff64b3a0, 0x000001caff64bf10, 0x000001caff666370, 0x000001caff666c20,
0x000001caff6674d0, 0x000001caff667d80, 0x000001caff668960, 0x000001caff6d75a0,
0x000001caff6db260, 0x000001caff8680b0, 0x000001caffc4b310, 0x000001caffc50510,
0x000001ca86ac54b0, 0x000001ca86ac3ca0, 0x000001ca86ac3300, 0x000001ca86ac2490,
0x000001ca86ac2e30, 0x000001ca86ac4170, 0x000001ca86ac4640, 0x000001ca86ac4b10,
0x000001ca86ac1fc0, 0x000001ca86ac4fe0, 0x000001ca8a7509f0, 0x000001ca8a74d500,
0x000001ca8a74a9b0, 0x000001ca8a74c690, 0x000001ca8a74d9d0, 0x000001ca8a74c1c0,
0x000001ca8a750050, 0x000001ca8a74dea0, 0x000001ca8a750520
}

Java Threads: ( => current thread )
  0x000001caff64b3a0 JavaThread "Reference Handler" daemon [_thread_blocked, id=5276, stack(0x0000008176000000,0x0000008176100000)]
  0x000001caff64bf10 JavaThread "Finalizer" daemon [_thread_blocked, id=1532, stack(0x0000008176100000,0x0000008176200000)]
  0x000001caff666370 JavaThread "Signal Dispatcher" daemon [_thread_blocked, id=3596, stack(0x0000008176200000,0x0000008176300000)]
  0x000001caff666c20 JavaThread "Attach Listener" daemon [_thread_blocked, id=4252, stack(0x0000008176300000,0x0000008176400000)]
  0x000001caff6674d0 JavaThread "Service Thread" daemon [_thread_blocked, id=6196, stack(0x0000008176400000,0x0000008176500000)]
  0x000001caff667d80 JavaThread "Monitor Deflation Thread" daemon [_thread_blocked, id=8884, stack(0x0000008176500000,0x0000008176600000)]
=>0x000001caff668960 JavaThread "C2 CompilerThread0" daemon [_thread_in_native, id=10340, stack(0x0000008176600000,0x0000008176700000)]
  0x000001caff6d75a0 JavaThread "C1 CompilerThread0" daemon [_thread_blocked, id=6344, stack(0x0000008176700000,0x0000008176800000)]
  0x000001caff6db260 JavaThread "Sweeper thread" daemon [_thread_blocked, id=10752, stack(0x0000008176800000,0x0000008176900000)]
  0x000001caff8680b0 JavaThread "Common-Cleaner" daemon [_thread_blocked, id=4320, stack(0x0000008176900000,0x0000008176a00000)]
  0x000001caffc4b310 JavaThread "Monitor Ctrl-Break" daemon [_thread_in_native, id=11760, stack(0x0000008176a00000,0x0000008176b00000)]
  0x000001caffc50510 JavaThread "Notification Thread" daemon [_thread_blocked, id=8128, stack(0x0000008176b00000,0x0000008176c00000)]
  0x000001ca86ac54b0 JavaThread "Catalina-utility-1" [_thread_blocked, id=11344, stack(0x0000008177000000,0x0000008177100000)]
  0x000001ca86ac3ca0 JavaThread "Catalina-utility-2" [_thread_blocked, id=8684, stack(0x0000008177100000,0x0000008177200000)]
  0x000001ca86ac3300 JavaThread "container-0" [_thread_blocked, id=10780, stack(0x0000008177200000,0x0000008177300000)]
  0x000001ca86ac2490 JavaThread "HikariPool-1 housekeeper" daemon [_thread_blocked, id=704, stack(0x0000008177400000,0x0000008177500000)]
  0x000001ca86ac2e30 JavaThread "File Watcher" daemon [_thread_blocked, id=8548, stack(0x0000008177600000,0x0000008177700000)]
  0x000001ca86ac4170 JavaThread "Live Reload Server" daemon [_thread_in_native, id=4240, stack(0x0000008177700000,0x0000008177800000)]
  0x000001ca86ac4640 JavaThread "http-nio-8080-exec-1" daemon [_thread_blocked, id=5892, stack(0x0000008177800000,0x0000008177900000)]
  0x000001ca86ac4b10 JavaThread "http-nio-8080-exec-2" daemon [_thread_blocked, id=8656, stack(0x0000008177900000,0x0000008177a00000)]
  0x000001ca86ac1fc0 JavaThread "http-nio-8080-exec-3" daemon [_thread_blocked, id=12484, stack(0x0000008177a00000,0x0000008177b00000)]
  0x000001ca86ac4fe0 JavaThread "http-nio-8080-exec-4" daemon [_thread_blocked, id=13040, stack(0x0000008177b00000,0x0000008177c00000)]
  0x000001ca8a7509f0 JavaThread "http-nio-8080-exec-5" daemon [_thread_blocked, id=12592, stack(0x0000008177c00000,0x0000008177d00000)]
  0x000001ca8a74d500 JavaThread "http-nio-8080-exec-6" daemon [_thread_blocked, id=3236, stack(0x0000008177d00000,0x0000008177e00000)]
  0x000001ca8a74a9b0 JavaThread "http-nio-8080-exec-7" daemon [_thread_blocked, id=10812, stack(0x0000008177e00000,0x0000008177f00000)]
  0x000001ca8a74c690 JavaThread "http-nio-8080-exec-8" daemon [_thread_blocked, id=4640, stack(0x0000008177f00000,0x0000008178000000)]
  0x000001ca8a74d9d0 JavaThread "http-nio-8080-exec-9" daemon [_thread_blocked, id=11924, stack(0x0000008178000000,0x0000008178100000)]
  0x000001ca8a74c1c0 JavaThread "http-nio-8080-exec-10" daemon [_thread_blocked, id=12656, stack(0x0000008178100000,0x0000008178200000)]
  0x000001ca8a750050 JavaThread "http-nio-8080-Poller" daemon [_thread_in_native, id=2956, stack(0x0000008178200000,0x0000008178300000)]
  0x000001ca8a74dea0 JavaThread "http-nio-8080-Acceptor" daemon [_thread_in_native, id=5644, stack(0x0000008178300000,0x0000008178400000)]
  0x000001ca8a750520 JavaThread "DestroyJavaVM" [_thread_blocked, id=12356, stack(0x0000008175900000,0x0000008175a00000)]

Other Threads:
  0x000001caff645ce0 VMThread "VM Thread" [stack: 0x0000008175f00000,0x0000008176000000] [id=11768]
  0x000001cae42afac0 WatcherThread "VM Periodic Task Thread" [stack: 0x0000008176c00000,0x0000008176d00000] [id=4428]
  0x000001cae430cd40 WorkerThread "GC Thread#0" [stack: 0x0000008175a00000,0x0000008175b00000] [id=5924]
  0x000001ca8602f670 WorkerThread "GC Thread#1" [stack: 0x0000008176d00000,0x0000008176e00000] [id=7196]
  0x000001cae431dc00 ConcurrentGCThread "G1 Main Marker" [stack: 0x0000008175b00000,0x0000008175c00000] [id=2284]
  0x000001cae216c4d0 WorkerThread "G1 Conc#0" [stack: 0x0000008175c00000,0x0000008175d00000] [id=7908]
  0x000001cae4352600 ConcurrentGCThread "G1 Refine#0" [stack: 0x0000008175d00000,0x0000008175e00000] [id=6668]
  0x000001cae4352e20 ConcurrentGCThread "G1 Service" [stack: 0x0000008175e00000,0x0000008175f00000] [id=2452]

Threads with active compile tasks:
C2 CompilerThread0   570488 5819       4       org.springframework.boot.devtools.filewatch.DirectorySnapshot::collectFiles (99 bytes)

VM state: not at safepoint (normal execution)

VM Mutex/Monitor currently owned by a thread: None

Heap address: 0x0000000081c00000, size: 2020 MB, Compressed Oops mode: 32-bit

CDS archive(s) mapped at: [0x0000000800000000-0x0000000800ba0000-0x0000000800ba0000), size 12189696, SharedBaseAddress: 0x0000000800000000, ArchiveRelocationMode: 0.
Compressed class space mapped at: 0x0000000800c00000-0x0000000840c00000, reserved size: 1073741824
Narrow klass base: 0x0000000800000000, Narrow klass shift: 0, Narrow klass range: 0x100000000

GC Precious Log:
 CardTable entry size: 512
 Card Set container configuration: InlinePtr #cards 5 size 8 Array Of Cards #cards 12 size 40 Howl #buckets 4 coarsen threshold 1843 Howl Bitmap #cards 512 size 80 coarsen threshold 460 Card regions per heap region 1 cards per card region 2048
 CPUs: 2 total, 2 available
 Memory: 8073M
 Large Page Support: Disabled
 NUMA Support: Disabled
 Compressed Oops: Enabled (32-bit)
 Heap Region Size: 1M
 Heap Min Capacity: 8M
 Heap Initial Capacity: 128M
 Heap Max Capacity: 2020M
 Pre-touch: Disabled
 Parallel Workers: 2
 Concurrent Workers: 1
 Concurrent Refinement Workers: 2
 Periodic GC: Disabled

Heap:
 garbage-first heap   total 58368K, used 30474K [0x0000000081c00000, 0x0000000100000000)
  region size 1024K, 7 young (7168K), 1 survivors (1024K)
 Metaspace       used 54895K, committed 55424K, reserved 1114112K
  class space    used 7172K, committed 7424K, reserved 1048576K

Heap Regions: E=young(eden), S=young(survivor), O=old, HS=humongous(starts), HC=humongous(continues), CS=collection set, F=free, OA=open archive, CA=closed archive, TAMS=top-at-mark-start (previous, next)
|   0|0x0000000081c00000, 0x0000000081d00000, 0x0000000081d00000|100%|HS|  |TAMS 0x0000000081d00000, 0x0000000081c00000| Complete 
|   1|0x0000000081d00000, 0x0000000081e00000, 0x0000000081e00000|100%| O|  |TAMS 0x0000000081e00000, 0x0000000081d00000| Untracked 
|   2|0x0000000081e00000, 0x0000000081f00000, 0x0000000081f00000|100%| O|  |TAMS 0x0000000081f00000, 0x0000000081e00000| Untracked 
|   3|0x0000000081f00000, 0x0000000082000000, 0x0000000082000000|100%| O|  |TAMS 0x0000000082000000, 0x0000000081f00000| Untracked 
|   4|0x0000000082000000, 0x0000000082100000, 0x0000000082100000|100%| O|  |TAMS 0x0000000082100000, 0x0000000082000000| Untracked 
|   5|0x0000000082100000, 0x0000000082200000, 0x0000000082200000|100%| O|  |TAMS 0x0000000082200000, 0x0000000082100000| Untracked 
|   6|0x0000000082200000, 0x0000000082300000, 0x0000000082300000|100%| O|  |TAMS 0x0000000082300000, 0x0000000082200000| Untracked 
|   7|0x0000000082300000, 0x0000000082400000, 0x0000000082400000|100%| O|  |TAMS 0x0000000082400000, 0x0000000082300000| Untracked 
|   8|0x0000000082400000, 0x0000000082500000, 0x0000000082500000|100%| O|  |TAMS 0x0000000082500000, 0x0000000082400000| Untracked 
|   9|0x0000000082500000, 0x0000000082533400, 0x0000000082600000| 20%| O|  |TAMS 0x0000000082533400, 0x0000000082500000| Untracked 
|  10|0x0000000082600000, 0x0000000082700000, 0x0000000082700000|100%| O|  |TAMS 0x0000000082700000, 0x0000000082600000| Untracked 
|  11|0x0000000082700000, 0x0000000082800000, 0x0000000082800000|100%| O|  |TAMS 0x0000000082800000, 0x0000000082700000| Untracked 
|  12|0x0000000082800000, 0x0000000082900000, 0x0000000082900000|100%| O|  |TAMS 0x0000000082900000, 0x0000000082800000| Untracked 
|  13|0x0000000082900000, 0x0000000082a00000, 0x0000000082a00000|100%| O|  |TAMS 0x0000000082a00000, 0x0000000082900000| Untracked 
|  14|0x0000000082a00000, 0x0000000082b00000, 0x0000000082b00000|100%| O|  |TAMS 0x0000000082b00000, 0x0000000082a00000| Untracked 
|  15|0x0000000082b00000, 0x0000000082c00000, 0x0000000082c00000|100%| O|  |TAMS 0x0000000082bdc200, 0x0000000082b00000| Untracked 
|  16|0x0000000082c00000, 0x0000000082d00000, 0x0000000082d00000|100%| O|  |TAMS 0x0000000082c00000, 0x0000000082c00000| Untracked 
|  17|0x0000000082d00000, 0x0000000082e00000, 0x0000000082e00000|100%| O|  |TAMS 0x0000000082d00000, 0x0000000082d00000| Untracked 
|  18|0x0000000082e00000, 0x0000000082f00000, 0x0000000082f00000|100%| O|  |TAMS 0x0000000082e00000, 0x0000000082e00000| Untracked 
|  19|0x0000000082f00000, 0x0000000083000000, 0x0000000083000000|100%| O|  |TAMS 0x0000000082f00000, 0x0000000082f00000| Untracked 
|  20|0x0000000083000000, 0x0000000083100000, 0x0000000083100000|100%| O|  |TAMS 0x0000000083000000, 0x0000000083000000| Untracked 
|  21|0x0000000083100000, 0x0000000083200000, 0x0000000083200000|100%| O|  |TAMS 0x0000000083100000, 0x0000000083100000| Untracked 
|  22|0x0000000083200000, 0x0000000083300000, 0x0000000083300000|100%| O|  |TAMS 0x0000000083200000, 0x0000000083200000| Untracked 
|  23|0x0000000083300000, 0x0000000083400000, 0x0000000083400000|100%| O|  |TAMS 0x0000000083300000, 0x0000000083300000| Untracked 
|  24|0x0000000083400000, 0x00000000834a7e00, 0x0000000083500000| 65%| O|  |TAMS 0x0000000083400000, 0x0000000083400000| Untracked 
|  25|0x0000000083500000, 0x0000000083500000, 0x0000000083600000|  0%| F|  |TAMS 0x0000000083500000, 0x0000000083500000| Untracked 
|  26|0x0000000083600000, 0x0000000083600000, 0x0000000083700000|  0%| F|  |TAMS 0x0000000083600000, 0x0000000083600000| Untracked 
|  27|0x0000000083700000, 0x0000000083700000, 0x0000000083800000|  0%| F|  |TAMS 0x0000000083700000, 0x0000000083700000| Untracked 
|  28|0x0000000083800000, 0x0000000083800000, 0x0000000083900000|  0%| F|  |TAMS 0x0000000083800000, 0x0000000083800000| Untracked 
|  29|0x0000000083900000, 0x0000000083900000, 0x0000000083a00000|  0%| F|  |TAMS 0x0000000083900000, 0x0000000083900000| Untracked 
|  30|0x0000000083a00000, 0x0000000083a00000, 0x0000000083b00000|  0%| F|  |TAMS 0x0000000083a00000, 0x0000000083a00000| Untracked 
|  31|0x0000000083b00000, 0x0000000083b00000, 0x0000000083c00000|  0%| F|  |TAMS 0x0000000083b00000, 0x0000000083b00000| Untracked 
|  32|0x0000000083c00000, 0x0000000083c00000, 0x0000000083d00000|  0%| F|  |TAMS 0x0000000083c00000, 0x0000000083c00000| Untracked 
|  33|0x0000000083d00000, 0x0000000083d00000, 0x0000000083e00000|  0%| F|  |TAMS 0x0000000083d00000, 0x0000000083d00000| Untracked 
|  34|0x0000000083e00000, 0x0000000083e00000, 0x0000000083f00000|  0%| F|  |TAMS 0x0000000083e00000, 0x0000000083e00000| Untracked 
|  35|0x0000000083f00000, 0x0000000083f00000, 0x0000000084000000|  0%| F|  |TAMS 0x0000000083f00000, 0x0000000083f00000| Untracked 
|  36|0x0000000084000000, 0x00000000840e7618, 0x0000000084100000| 90%| S|CS|TAMS 0x0000000084000000, 0x0000000084000000| Complete 
|  37|0x0000000084100000, 0x0000000084100000, 0x0000000084200000|  0%| F|  |TAMS 0x0000000084100000, 0x0000000084100000| Untracked 
|  38|0x0000000084200000, 0x0000000084200000, 0x0000000084300000|  0%| F|  |TAMS 0x0000000084200000, 0x0000000084200000| Untracked 
|  39|0x0000000084300000, 0x0000000084300000, 0x0000000084400000|  0%| F|  |TAMS 0x0000000084300000, 0x0000000084300000| Untracked 
|  40|0x0000000084400000, 0x0000000084400000, 0x0000000084500000|  0%| F|  |TAMS 0x0000000084400000, 0x0000000084400000| Untracked 
|  41|0x0000000084500000, 0x0000000084500000, 0x0000000084600000|  0%| F|  |TAMS 0x0000000084500000, 0x0000000084500000| Untracked 
|  42|0x0000000084600000, 0x0000000084600000, 0x0000000084700000|  0%| F|  |TAMS 0x0000000084600000, 0x0000000084600000| Untracked 
|  43|0x0000000084700000, 0x0000000084700000, 0x0000000084800000|  0%| F|  |TAMS 0x0000000084700000, 0x0000000084700000| Untracked 
|  44|0x0000000084800000, 0x0000000084800000, 0x0000000084900000|  0%| F|  |TAMS 0x0000000084800000, 0x0000000084800000| Untracked 
|  45|0x0000000084900000, 0x0000000084900000, 0x0000000084a00000|  0%| F|  |TAMS 0x0000000084900000, 0x0000000084900000| Untracked 
|  46|0x0000000084a00000, 0x0000000084a00000, 0x0000000084b00000|  0%| F|  |TAMS 0x0000000084a00000, 0x0000000084a00000| Untracked 
|  47|0x0000000084b00000, 0x0000000084b00000, 0x0000000084c00000|  0%| F|  |TAMS 0x0000000084b00000, 0x0000000084b00000| Untracked 
|  48|0x0000000084c00000, 0x0000000084c00000, 0x0000000084d00000|  0%| F|  |TAMS 0x0000000084c00000, 0x0000000084c00000| Untracked 
|  49|0x0000000084d00000, 0x0000000084d00000, 0x0000000084e00000|  0%| F|  |TAMS 0x0000000084d00000, 0x0000000084d00000| Untracked 
|  50|0x0000000084e00000, 0x0000000084e00000, 0x0000000084f00000|  0%| F|  |TAMS 0x0000000084e00000, 0x0000000084e00000| Untracked 
|  51|0x0000000084f00000, 0x0000000084f99f70, 0x0000000085000000| 60%| E|  |TAMS 0x0000000084f00000, 0x0000000084f00000| Complete 
|  52|0x0000000085000000, 0x0000000085100000, 0x0000000085100000|100%| E|CS|TAMS 0x0000000085000000, 0x0000000085000000| Complete 
|  78|0x0000000086a00000, 0x0000000086b00000, 0x0000000086b00000|100%| E|CS|TAMS 0x0000000086a00000, 0x0000000086a00000| Complete 
|  79|0x0000000086b00000, 0x0000000086c00000, 0x0000000086c00000|100%| E|CS|TAMS 0x0000000086b00000, 0x0000000086b00000| Complete 
|  85|0x0000000087100000, 0x0000000087200000, 0x0000000087200000|100%| E|CS|TAMS 0x0000000087100000, 0x0000000087100000| Complete 
|  86|0x0000000087200000, 0x0000000087300000, 0x0000000087300000|100%| E|CS|TAMS 0x0000000087200000, 0x0000000087200000| Complete 

Card table byte_map: [0x000001cafabe0000,0x000001cafafe0000] _byte_map_base: 0x000001cafa7d2000

Marking Bits (Prev, Next): (CMBitMap*) 0x000001cae430d650, (CMBitMap*) 0x000001cae430d690
 Prev Bits: [0x000001cafb3e0000, 0x000001cafd370000)
 Next Bits: [0x000001cafd370000, 0x000001caff300000)

Polling page: 0x000001cae2240000

Metaspace:

Usage:
  Non-class:     46.60 MB used.
      Class:      7.00 MB used.
       Both:     53.61 MB used.

Virtual space:
  Non-class space:       64.00 MB reserved,      46.88 MB ( 73%) committed,  1 nodes.
      Class space:        1.00 GB reserved,       7.25 MB ( <1%) committed,  1 nodes.
             Both:        1.06 GB reserved,      54.12 MB (  5%) committed. 

Chunk freelists:
   Non-Class:  800.00 KB
       Class:  608.00 KB
        Both:  1.38 MB

MaxMetaspaceSize: unlimited
CompressedClassSpaceSize: 1.00 GB
Initial GC threshold: 21.00 MB
Current GC threshold: 58.69 MB
CDS: on
MetaspaceReclaimPolicy: balanced
 - commit_granule_bytes: 65536.
 - commit_granule_words: 8192.
 - virtual_space_node_default_size: 8388608.
 - enlarge_chunks_in_place: 1.
 - new_chunks_are_fully_committed: 0.
 - uncommit_free_chunks: 1.
 - use_allocation_guard: 0.


Internal statistics:

num_allocs_failed_limit: 6.
num_arena_births: 526.
num_arena_deaths: 0.
num_vsnodes_births: 2.
num_vsnodes_deaths: 0.
num_space_committed: 866.
num_space_uncommitted: 0.
num_chunks_returned_to_freelist: 6.
num_chunks_taken_from_freelist: 2509.
num_chunk_merges: 6.
num_chunk_splits: 1787.
num_chunks_enlarged: 1470.
num_inconsistent_stats: 0.

CodeHeap 'non-profiled nmethods': size=120064Kb used=2758Kb max_used=2758Kb free=117306Kb
 bounds [0x000001caf36a0000, 0x000001caf3960000, 0x000001cafabe0000]
CodeHeap 'profiled nmethods': size=120000Kb used=9688Kb max_used=10640Kb free=110311Kb
 bounds [0x000001caec170000, 0x000001caecbe0000, 0x000001caf36a0000]
CodeHeap 'non-nmethods': size=5696Kb used=1291Kb max_used=1319Kb free=4404Kb
 bounds [0x000001caebbe0000, 0x000001caebe50000, 0x000001caec170000]
 total_blobs=5644 nmethods=5040 adapters=516
 compilation: enabled
              stopped_count=0, restarted_count=0
 full_count=0

Compilation events (20 events):
Event: 438.946 Thread 0x000001caff6d75a0 nmethod 5809 0x000001caec930a90 code [0x000001caec930c20, 0x000001caec930d38]
Event: 448.960 Thread 0x000001caff6d75a0 5810       3       java.util.concurrent.locks.ReentrantReadWriteLock$Sync::tryReleaseShared (146 bytes)
Event: 448.961 Thread 0x000001caff6d75a0 nmethod 5810 0x000001caec2e5410 code [0x000001caec2e5660, 0x000001caec2e6198]
Event: 488.053 Thread 0x000001caff668960 5811       4       java.util.AbstractCollection::containsAll (38 bytes)
Event: 488.070 Thread 0x000001caff668960 nmethod 5811 0x000001caf372d990 code [0x000001caf372dbc0, 0x000001caf372ea58]
Event: 496.236 Thread 0x000001caff668960 5812       4       java.util.HashSet::iterator (13 bytes)
Event: 496.244 Thread 0x000001caff668960 nmethod 5812 0x000001caf372cd90 code [0x000001caf372cf40, 0x000001caf372d618]
Event: 529.005 Thread 0x000001caff6d75a0 5813       3       org.apache.catalina.webresources.Cache$EvictionOrder::compare (13 bytes)
Event: 529.005 Thread 0x000001caff6d75a0 nmethod 5813 0x000001caec2e4e10 code [0x000001caec2e4fc0, 0x000001caec2e5308]
Event: 529.005 Thread 0x000001caff6d75a0 5814       3       org.apache.catalina.webresources.Cache$EvictionOrder::compare (31 bytes)
Event: 529.005 Thread 0x000001caff6d75a0 nmethod 5814 0x000001caec2e4910 code [0x000001caec2e4ac0, 0x000001caec2e4d38]
Event: 530.770 Thread 0x000001caff668960 5815       4       java.util.HashMap$KeySet::size (8 bytes)
Event: 530.770 Thread 0x000001caff668960 nmethod 5815 0x000001caf372ca90 code [0x000001caf372cc00, 0x000001caf372cc98]
Event: 539.007 Thread 0x000001caff6d75a0 5816       3       java.util.TreeSet::add (22 bytes)
Event: 539.007 Thread 0x000001caff6d75a0 nmethod 5816 0x000001caec2e4410 code [0x000001caec2e45c0, 0x000001caec2e4808]
Event: 567.046 Thread 0x000001caff668960 5817       4       java.io.File::listFiles (52 bytes)
Event: 567.062 Thread 0x000001caff668960 nmethod 5817 0x000001caf3744590 code [0x000001caf3744760, 0x000001caf37450f8]
Event: 569.047 Thread 0x000001caff6d75a0 5818   !   3       org.apache.catalina.core.ContainerBase::findChildren (42 bytes)
Event: 569.047 Thread 0x000001caff6d75a0 nmethod 5818 0x000001caec2e3a10 code [0x000001caec2e3be0, 0x000001caec2e41b8]
Event: 570.388 Thread 0x000001caff668960 5819       4       org.springframework.boot.devtools.filewatch.DirectorySnapshot::collectFiles (99 bytes)

GC Heap History (20 events):
Event: 3.379 GC heap before
{Heap before GC invocations=3 (full 0):
 garbage-first heap   total 131072K, used 47631K [0x0000000081c00000, 0x0000000100000000)
  region size 1024K, 43 young (44032K), 2 survivors (2048K)
 Metaspace       used 15631K, committed 15872K, reserved 1114112K
  class space    used 1856K, committed 1984K, reserved 1048576K
}
Event: 3.393 GC heap after
{Heap after GC invocations=4 (full 0):
 garbage-first heap   total 131072K, used 9866K [0x0000000081c00000, 0x0000000100000000)
  region size 1024K, 5 young (5120K), 5 survivors (5120K)
 Metaspace       used 15631K, committed 15872K, reserved 1114112K
  class space    used 1856K, committed 1984K, reserved 1048576K
}
Event: 6.193 GC heap before
{Heap before GC invocations=4 (full 0):
 garbage-first heap   total 131072K, used 49802K [0x0000000081c00000, 0x0000000100000000)
  region size 1024K, 46 young (47104K), 5 survivors (5120K)
 Metaspace       used 21232K, committed 21504K, reserved 1114112K
  class space    used 2554K, committed 2688K, reserved 1048576K
}
Event: 6.212 GC heap after
{Heap after GC invocations=5 (full 0):
 garbage-first heap   total 131072K, used 12874K [0x0000000081c00000, 0x0000000100000000)
  region size 1024K, 4 young (4096K), 4 survivors (4096K)
 Metaspace       used 21232K, committed 21504K, reserved 1114112K
  class space    used 2554K, committed 2688K, reserved 1048576K
}
Event: 7.613 GC heap before
{Heap before GC invocations=6 (full 0):
 garbage-first heap   total 48128K, used 37450K [0x0000000081c00000, 0x0000000100000000)
  region size 1024K, 28 young (28672K), 4 survivors (4096K)
 Metaspace       used 26339K, committed 26688K, reserved 1114112K
  class space    used 3223K, committed 3392K, reserved 1048576K
}
Event: 7.629 GC heap after
{Heap after GC invocations=7 (full 0):
 garbage-first heap   total 48128K, used 15484K [0x0000000081c00000, 0x0000000100000000)
  region size 1024K, 3 young (3072K), 3 survivors (3072K)
 Metaspace       used 26339K, committed 26688K, reserved 1114112K
  class space    used 3223K, committed 3392K, reserved 1048576K
}
Event: 8.542 GC heap before
{Heap before GC invocations=7 (full 0):
 garbage-first heap   total 48128K, used 33916K [0x0000000081c00000, 0x0000000100000000)
  region size 1024K, 21 young (21504K), 3 survivors (3072K)
 Metaspace       used 29835K, committed 30144K, reserved 1114112K
  class space    used 3688K, committed 3840K, reserved 1048576K
}
Event: 8.552 GC heap after
{Heap after GC invocations=8 (full 0):
 garbage-first heap   total 48128K, used 16734K [0x0000000081c00000, 0x0000000100000000)
  region size 1024K, 2 young (2048K), 2 survivors (2048K)
 Metaspace       used 29835K, committed 30144K, reserved 1114112K
  class space    used 3688K, committed 3840K, reserved 1048576K
}
Event: 9.710 GC heap before
{Heap before GC invocations=8 (full 0):
 garbage-first heap   total 48128K, used 34142K [0x0000000081c00000, 0x0000000100000000)
  region size 1024K, 20 young (20480K), 2 survivors (2048K)
 Metaspace       used 35637K, committed 35968K, reserved 1114112K
  class space    used 4565K, committed 4736K, reserved 1048576K
}
Event: 9.717 GC heap after
{Heap after GC invocations=9 (full 0):
 garbage-first heap   total 58368K, used 17618K [0x0000000081c00000, 0x0000000100000000)
  region size 1024K, 3 young (3072K), 3 survivors (3072K)
 Metaspace       used 35637K, committed 35968K, reserved 1114112K
  class space    used 4565K, committed 4736K, reserved 1048576K
}
Event: 11.730 GC heap before
{Heap before GC invocations=10 (full 0):
 garbage-first heap   total 58368K, used 42194K [0x0000000081c00000, 0x0000000100000000)
  region size 1024K, 28 young (28672K), 3 survivors (3072K)
 Metaspace       used 42501K, committed 42944K, reserved 1114112K
  class space    used 5650K, committed 5888K, reserved 1048576K
}
Event: 11.741 GC heap after
{Heap after GC invocations=11 (full 0):
 garbage-first heap   total 58368K, used 19291K [0x0000000081c00000, 0x0000000100000000)
  region size 1024K, 3 young (3072K), 3 survivors (3072K)
 Metaspace       used 42501K, committed 42944K, reserved 1114112K
  class space    used 5650K, committed 5888K, reserved 1048576K
}
Event: 13.232 GC heap before
{Heap before GC invocations=11 (full 0):
 garbage-first heap   total 58368K, used 43867K [0x0000000081c00000, 0x0000000100000000)
  region size 1024K, 28 young (28672K), 3 survivors (3072K)
 Metaspace       used 46831K, committed 47296K, reserved 1114112K
  class space    used 6232K, committed 6464K, reserved 1048576K
}
Event: 13.244 GC heap after
{Heap after GC invocations=12 (full 0):
 garbage-first heap   total 58368K, used 21173K [0x0000000081c00000, 0x0000000100000000)
  region size 1024K, 4 young (4096K), 4 survivors (4096K)
 Metaspace       used 46831K, committed 47296K, reserved 1114112K
  class space    used 6232K, committed 6464K, reserved 1048576K
}
Event: 13.829 GC heap before
{Heap before GC invocations=12 (full 0):
 garbage-first heap   total 58368K, used 44725K [0x0000000081c00000, 0x0000000100000000)
  region size 1024K, 27 young (27648K), 4 survivors (4096K)
 Metaspace       used 47557K, committed 48000K, reserved 1114112K
  class space    used 6327K, committed 6528K, reserved 1048576K
}
Event: 13.843 GC heap after
{Heap after GC invocations=13 (full 0):
 garbage-first heap   total 58368K, used 22364K [0x0000000081c00000, 0x0000000100000000)
  region size 1024K, 3 young (3072K), 3 survivors (3072K)
 Metaspace       used 47557K, committed 48000K, reserved 1114112K
  class space    used 6327K, committed 6528K, reserved 1048576K
}
Event: 46.271 GC heap before
{Heap before GC invocations=13 (full 0):
 garbage-first heap   total 58368K, used 45916K [0x0000000081c00000, 0x0000000100000000)
  region size 1024K, 26 young (26624K), 3 survivors (3072K)
 Metaspace       used 50809K, committed 51328K, reserved 1114112K
  class space    used 6735K, committed 6976K, reserved 1048576K
}
Event: 46.289 GC heap after
{Heap after GC invocations=14 (full 0):
 garbage-first heap   total 58368K, used 24764K [0x0000000081c00000, 0x0000000100000000)
  region size 1024K, 4 young (4096K), 4 survivors (4096K)
 Metaspace       used 50809K, committed 51328K, reserved 1114112K
  class space    used 6735K, committed 6976K, reserved 1048576K
}
Event: 359.722 GC heap before
{Heap before GC invocations=14 (full 0):
 garbage-first heap   total 58368K, used 44220K [0x0000000081c00000, 0x0000000100000000)
  region size 1024K, 24 young (24576K), 4 survivors (4096K)
 Metaspace       used 54877K, committed 55360K, reserved 1114112K
  class space    used 7172K, committed 7424K, reserved 1048576K
}
Event: 359.733 GC heap after
{Heap after GC invocations=15 (full 0):
 garbage-first heap   total 58368K, used 25354K [0x0000000081c00000, 0x0000000100000000)
  region size 1024K, 1 young (1024K), 1 survivors (1024K)
 Metaspace       used 54877K, committed 55360K, reserved 1114112K
  class space    used 7172K, committed 7424K, reserved 1048576K
}

Deoptimization events (20 events):
Event: 52.964 Thread 0x000001ca86ac4b10 DEOPT PACKING pc=0x000001caf376ff5c sp=0x00000081779fd490
Event: 52.964 Thread 0x000001ca86ac4b10 DEOPT UNPACKING pc=0x000001caebc323a3 sp=0x00000081779fd340 mode 2
Event: 53.034 Thread 0x000001ca86ac4b10 Uncommon trap: trap_request=0xffffff45 fr.pc=0x000001caf3860f1c relative=0x000000000000027c
Event: 53.034 Thread 0x000001ca86ac4b10 Uncommon trap: reason=unstable_if action=reinterpret pc=0x000001caf3860f1c method=java.util.StringTokenizer.skipDelimiters(I)I @ 21 c2
Event: 53.034 Thread 0x000001ca86ac4b10 DEOPT PACKING pc=0x000001caf3860f1c sp=0x00000081779fb9f0
Event: 53.034 Thread 0x000001ca86ac4b10 DEOPT UNPACKING pc=0x000001caebc323a3 sp=0x00000081779fb990 mode 2
Event: 53.034 Thread 0x000001ca86ac4b10 Uncommon trap: trap_request=0xffffff45 fr.pc=0x000001caf38617d4 relative=0x00000000000002b4
Event: 53.034 Thread 0x000001ca86ac4b10 Uncommon trap: reason=unstable_if action=reinterpret pc=0x000001caf38617d4 method=java.util.StringTokenizer.scanToken(I)I @ 96 c2
Event: 53.034 Thread 0x000001ca86ac4b10 DEOPT PACKING pc=0x000001caf38617d4 sp=0x00000081779fb9f0
Event: 53.034 Thread 0x000001ca86ac4b10 DEOPT UNPACKING pc=0x000001caebc323a3 sp=0x00000081779fb990 mode 2
Event: 53.189 Thread 0x000001ca86ac4b10 DEOPT PACKING pc=0x000001caecb2397d sp=0x00000081779fa0d0
Event: 53.189 Thread 0x000001ca86ac4b10 DEOPT UNPACKING pc=0x000001caebc32b43 sp=0x00000081779f9558 mode 0
Event: 53.399 Thread 0x000001ca86ac4b10 Uncommon trap: trap_request=0xffffffde fr.pc=0x000001caf37785d4 relative=0x0000000000001194
Event: 53.399 Thread 0x000001ca86ac4b10 Uncommon trap: reason=class_check action=maybe_recompile pc=0x000001caf37785d4 method=java.util.concurrent.ConcurrentHashMap.putVal(Ljava/lang/Object;Ljava/lang/Object;Z)Ljava/lang/Object; @ 159 c2
Event: 53.399 Thread 0x000001ca86ac4b10 DEOPT PACKING pc=0x000001caf37785d4 sp=0x00000081779fcb40
Event: 53.399 Thread 0x000001ca86ac4b10 DEOPT UNPACKING pc=0x000001caebc323a3 sp=0x00000081779fcad0 mode 2
Event: 53.399 Thread 0x000001ca86ac4b10 Uncommon trap: trap_request=0xffffffde fr.pc=0x000001caf37785d4 relative=0x0000000000001194
Event: 53.399 Thread 0x000001ca86ac4b10 Uncommon trap: reason=class_check action=maybe_recompile pc=0x000001caf37785d4 method=java.util.concurrent.ConcurrentHashMap.putVal(Ljava/lang/Object;Ljava/lang/Object;Z)Ljava/lang/Object; @ 159 c2
Event: 53.399 Thread 0x000001ca86ac4b10 DEOPT PACKING pc=0x000001caf37785d4 sp=0x00000081779fcdb0
Event: 53.399 Thread 0x000001ca86ac4b10 DEOPT UNPACKING pc=0x000001caebc323a3 sp=0x00000081779fcd40 mode 2

Classes loaded (20 events):
Event: 46.202 Loading class java/nio/channels/SelectionKey
Event: 46.202 Loading class java/nio/channels/SelectionKey done
Event: 46.202 Loading class java/nio/channels/spi/AbstractSelectionKey done
Event: 46.202 Loading class sun/nio/ch/SelectionKeyImpl done
Event: 46.202 Loading class java/lang/invoke/ConstantBootstraps
Event: 46.202 Loading class java/lang/invoke/ConstantBootstraps done
Event: 46.506 Loading class java/time/format/DateTimeFormatterBuilder$ZoneTextPrinterParser
Event: 46.507 Loading class java/time/format/DateTimeFormatterBuilder$ZoneTextPrinterParser done
Event: 46.508 Loading class java/time/format/DateTimeFormatterBuilder$ReducedPrinterParser
Event: 46.508 Loading class java/time/format/DateTimeFormatterBuilder$ReducedPrinterParser done
Event: 46.512 Loading class java/util/OptionalLong
Event: 46.513 Loading class java/util/OptionalLong done
Event: 46.513 Loading class java/util/OptionalDouble
Event: 46.513 Loading class java/util/OptionalDouble done
Event: 46.538 Loading class java/util/concurrent/atomic/AtomicReferenceArray
Event: 46.538 Loading class java/util/concurrent/atomic/AtomicReferenceArray done
Event: 46.551 Loading class java/nio/StringCharBuffer
Event: 46.560 Loading class java/nio/StringCharBuffer done
Event: 53.431 Loading class org/w3c/dom/Document
Event: 53.431 Loading class org/w3c/dom/Document done

Classes unloaded (0 events):
No events

Classes redefined (0 events):
No events

Internal exceptions (20 events):
Event: 13.733 Thread 0x000001ca8628a440 Exception <a 'java/lang/ClassNotFoundException'{0x0000000083f44680}: org/springframework/context/ResourceLoaderAwareCustomizer> (0x0000000083f44680) 
thrown [s\open\src\hotspot\share\classfile\systemDictionary.cpp, line 255]
Event: 13.733 Thread 0x000001ca8628a440 Exception <a 'java/lang/ClassNotFoundException'{0x0000000083f48988}: org/springframework/beans/factory/AwareCustomizer> (0x0000000083f48988) 
thrown [s\open\src\hotspot\share\classfile\systemDictionary.cpp, line 255]
Event: 13.734 Thread 0x000001ca8628a440 Exception <a 'java/lang/ClassNotFoundException'{0x0000000083f4c080}: org/springframework/context/ApplicationContextAwareCustomizer> (0x0000000083f4c080) 
thrown [s\open\src\hotspot\share\classfile\systemDictionary.cpp, line 255]
Event: 13.737 Thread 0x000001ca8628a440 Exception <a 'java/lang/ClassNotFoundException'{0x0000000083f50e68}: org/springframework/beans/factory/AwareCustomizer> (0x0000000083f50e68) 
thrown [s\open\src\hotspot\share\classfile\systemDictionary.cpp, line 255]
Event: 13.738 Thread 0x000001ca8628a440 Exception <a 'java/lang/ClassNotFoundException'{0x0000000083f54538}: org/springframework/web/context/ServletContextAwareCustomizer> (0x0000000083f54538) 
thrown [s\open\src\hotspot\share\classfile\systemDictionary.cpp, line 255]
Event: 13.739 Thread 0x000001ca8628a440 Exception <a 'java/lang/ClassNotFoundException'{0x0000000083f58c78}: org/springframework/beans/factory/AwareCustomizer> (0x0000000083f58c78) 
thrown [s\open\src\hotspot\share\classfile\systemDictionary.cpp, line 255]
Event: 13.742 Thread 0x000001ca8628a440 Exception <a 'java/lang/NoSuchMethodError'{0x0000000083f6d570}: 'java.lang.Object java.lang.invoke.DirectMethodHandle$Holder.newInvokeSpecial(java.lang.Object, java.lang.Object, java.lang.Object, java.lang.Object, java.lang.Object, java.lang.Object, java.lang.Object, java.lang.Object)'> (0x0000000083f6d570) 
thrown [s\open\src\hotspot\share\interpreter\linkResolver.cpp, line 766]
Event: 13.743 Thread 0x000001ca8628a440 Exception <a 'java/lang/NoSuchMethodError'{0x0000000083f72b78}: 'java.lang.Object java.lang.invoke.DirectMethodHandle$Holder.invokeSpecial(java.lang.Object, java.lang.Object, java.lang.Object, java.lang.Object, java.lang.Object, java.lang.Object, java.lang.Object, java.lang.Object, java.lang.Object)'> (0x0000000083f72b78) 
thrown [s\open\src\hotspot\share\interpreter\linkResolver.cpp, line 766]
Event: 14.072 Thread 0x000001ca8628a440 Exception <a 'java/lang/NoSuchMethodError'{0x0000000084f08638}: 'void java.lang.invoke.DirectMethodHandle$Holder.invokeVirtual(java.lang.Object, java.lang.Object, long)'> (0x0000000084f08638) 
thrown [s\open\src\hotspot\share\interpreter\linkResolver.cpp, line 766]
Event: 14.421 Thread 0x000001ca8628a440 Exception <a 'java/lang/IncompatibleClassChangeError'{0x0000000084a4b588}: Found class java.lang.Object, but interface was expected> (0x0000000084a4b588) 
thrown [s\open\src\hotspot\share\interpreter\linkResolver.cpp, line 833]
Event: 14.562 Thread 0x000001ca8628a440 Implicit null exception at 0x000001caf37d0dda to 0x000001caf37d100c
Event: 14.763 Thread 0x000001ca8628a440 Exception <a 'java/lang/NoSuchMethodError'{0x00000000844c9f00}: 'java.lang.Object java.lang.invoke.DirectMethodHandle$Holder.invokeSpecial(java.lang.Object, java.lang.Object, int, java.lang.Object, int, java.lang.Object)'> (0x00000000844c9f00) 
thrown [s\open\src\hotspot\share\interpreter\linkResolver.cpp, line 766]
Event: 14.763 Thread 0x000001ca8628a440 Exception <a 'java/lang/NoSuchMethodError'{0x00000000844d1cf8}: 'java.lang.Object java.lang.invoke.DirectMethodHandle$Holder.newInvokeSpecial(java.lang.Object, java.lang.Object, int, java.lang.Object, int)'> (0x00000000844d1cf8) 
thrown [s\open\src\hotspot\share\interpreter\linkResolver.cpp, line 766]
Event: 14.764 Thread 0x000001ca8628a440 Exception <a 'java/lang/NoSuchMethodError'{0x00000000844d5e00}: 'java.lang.Object java.lang.invoke.DirectMethodHandle$Holder.invokeSpecial(java.lang.Object, java.lang.Object, java.lang.Object, int, java.lang.Object, int)'> (0x00000000844d5e00) 
thrown [s\open\src\hotspot\share\interpreter\linkResolver.cpp, line 766]
Event: 14.766 Thread 0x000001ca8628a440 Exception <a 'java/lang/NoSuchMethodError'{0x00000000844dfcc8}: 'void java.lang.invoke.DirectMethodHandle$Holder.invokeVirtual(java.lang.Object, java.lang.Object)'> (0x00000000844dfcc8) 
thrown [s\open\src\hotspot\share\interpreter\linkResolver.cpp, line 766]
Event: 46.400 Thread 0x000001ca86ac4640 Exception <a 'java/lang/NoSuchMethodError'{0x0000000086b0fa88}: 'java.lang.Object java.lang.invoke.DirectMethodHandle$Holder.invokeVirtual(java.lang.Object, java.lang.Object, int)'> (0x0000000086b0fa88) 
thrown [s\open\src\hotspot\share\interpreter\linkResolver.cpp, line 766]
Event: 46.435 Thread 0x000001ca86ac4640 Exception <a 'java/lang/NoSuchMethodError'{0x0000000086bcbc28}: 'java.lang.Object java.lang.invoke.DirectMethodHandle$Holder.invokeInterface(java.lang.Object, java.lang.Object, java.lang.Object, java.lang.Object)'> (0x0000000086bcbc28) 
thrown [s\open\src\hotspot\share\interpreter\linkResolver.cpp, line 766]
Event: 46.447 Thread 0x000001ca86ac4640 Exception <a 'java/lang/NoSuchMethodError'{0x0000000086be0a70}: 'java.lang.Object java.lang.invoke.DirectMethodHandle$Holder.invokeInterface(java.lang.Object, java.lang.Object, java.lang.Object, java.lang.Object, java.lang.Object)'> (0x0000000086be0a70) 
thrown [s\open\src\hotspot\share\interpreter\linkResolver.cpp, line 766]
Event: 53.180 Thread 0x000001ca86ac4b10 Exception <a 'java/lang/NoSuchMethodError'{0x0000000084bc56b0}: 'void java.lang.invoke.Invokers$Holder.invokeExact_MT(java.lang.Object, java.lang.Object, int, java.lang.Object)'> (0x0000000084bc56b0) 
thrown [s\open\src\hotspot\share\interpreter\linkResolver.cpp, line 766]
Event: 53.267 Thread 0x000001ca86ac4b10 Exception <a 'java/lang/NoSuchMethodError'{0x0000000084a31b18}: 'java.lang.Object java.lang.invoke.DirectMethodHandle$Holder.invokeStaticInit(java.lang.Object, java.lang.Object, java.lang.Object, java.lang.Object, java.lang.Object, java.lang.Object)'> (0x0000000084a31b18) 
thrown [s\open\src\hotspot\share\interpreter\linkResolver.cpp, line 766]

VM Operations (20 events):
Event: 203.648 Executing VM operation: Cleanup
Event: 203.648 Executing VM operation: Cleanup done
Event: 210.713 Executing VM operation: Cleanup
Event: 210.713 Executing VM operation: Cleanup done
Event: 213.730 Executing VM operation: Cleanup
Event: 213.730 Executing VM operation: Cleanup done
Event: 269.106 Executing VM operation: Cleanup
Event: 269.106 Executing VM operation: Cleanup done
Event: 286.256 Executing VM operation: Cleanup
Event: 286.256 Executing VM operation: Cleanup done
Event: 312.431 Executing VM operation: Cleanup
Event: 312.431 Executing VM operation: Cleanup done
Event: 313.439 Executing VM operation: Cleanup
Event: 313.439 Executing VM operation: Cleanup done
Event: 315.456 Executing VM operation: Cleanup
Event: 315.456 Executing VM operation: Cleanup done
Event: 359.722 Executing VM operation: G1CollectForAllocation
Event: 359.733 Executing VM operation: G1CollectForAllocation done
Event: 497.896 Executing VM operation: Cleanup
Event: 497.896 Executing VM operation: Cleanup done

Events (20 events):
Event: 14.715 Thread 0x000001ca86ac4170 Thread added: 0x000001ca86ac4170
Event: 14.724 Thread 0x000001ca86ac4170 Thread exited: 0x000001ca86ac4170
Event: 14.724 Thread 0x000001ca86ac4170 Thread added: 0x000001ca86ac4170
Event: 14.782 Thread 0x000001ca86ac4640 Thread added: 0x000001ca86ac4640
Event: 14.782 Thread 0x000001ca86ac4b10 Thread added: 0x000001ca86ac4b10
Event: 14.782 Thread 0x000001ca86ac1fc0 Thread added: 0x000001ca86ac1fc0
Event: 14.783 Thread 0x000001ca86ac4fe0 Thread added: 0x000001ca86ac4fe0
Event: 14.783 Thread 0x000001ca8a7509f0 Thread added: 0x000001ca8a7509f0
Event: 14.783 Thread 0x000001ca8a74d500 Thread added: 0x000001ca8a74d500
Event: 14.783 Thread 0x000001ca8a74a9b0 Thread added: 0x000001ca8a74a9b0
Event: 14.783 Thread 0x000001ca8a74c690 Thread added: 0x000001ca8a74c690
Event: 14.783 Thread 0x000001ca8a74d9d0 Thread added: 0x000001ca8a74d9d0
Event: 14.783 Thread 0x000001ca8a74c1c0 Thread added: 0x000001ca8a74c1c0
Event: 14.812 Thread 0x000001ca8a750050 Thread added: 0x000001ca8a750050
Event: 14.814 Thread 0x000001ca8a74dea0 Thread added: 0x000001ca8a74dea0
Event: 14.857 Thread 0x000001ca8628a440 Thread exited: 0x000001ca8628a440
Event: 14.862 Thread 0x000001ca86814aa0 Thread exited: 0x000001ca86814aa0
Event: 14.862 Thread 0x000001cae42aeb20 Thread exited: 0x000001cae42aeb20
Event: 14.863 Thread 0x000001ca8a750520 Thread added: 0x000001ca8a750520
Event: 17.418 Thread 0x000001ca86ac2960 Thread exited: 0x000001ca86ac2960


Dynamic libraries:
0x00007ff779e40000 - 0x00007ff779e50000 	C:\Program Files\Java\jdk-18.0.1\bin\java.exe
0x00007ffd5ee30000 - 0x00007ffd5f028000 	C:\Windows\SYSTEM32\ntdll.dll
0x00007ffd5cfc0000 - 0x00007ffd5d07d000 	C:\Windows\System32\KERNEL32.DLL
0x00007ffd5c710000 - 0x00007ffd5c9de000 	C:\Windows\System32\KERNELBASE.dll
0x00007ffd5cae0000 - 0x00007ffd5cbe0000 	C:\Windows\System32\ucrtbase.dll
0x00007ffd57a30000 - 0x00007ffd57a48000 	C:\Program Files\Java\jdk-18.0.1\bin\jli.dll
0x00007ffd5d080000 - 0x00007ffd5d12e000 	C:\Windows\System32\ADVAPI32.dll
0x00007ffd5d7c0000 - 0x00007ffd5d85e000 	C:\Windows\System32\msvcrt.dll
0x00007ffd5d3f0000 - 0x00007ffd5d48c000 	C:\Windows\System32\sechost.dll
0x00007ffd5ce90000 - 0x00007ffd5cfb5000 	C:\Windows\System32\RPCRT4.dll
0x00007ffd5d250000 - 0x00007ffd5d3f0000 	C:\Windows\System32\USER32.dll
0x00007ffd5c550000 - 0x00007ffd5c572000 	C:\Windows\System32\win32u.dll
0x00007ffd5ecf0000 - 0x00007ffd5ed1a000 	C:\Windows\System32\GDI32.dll
0x00007ffd5cc80000 - 0x00007ffd5cd8b000 	C:\Windows\System32\gdi32full.dll
0x00007ffd5cbe0000 - 0x00007ffd5cc7d000 	C:\Windows\System32\msvcp_win.dll
0x00007ffd4cf80000 - 0x00007ffd4d21a000 	C:\Windows\WinSxS\amd64_microsoft.windows.common-controls_6595b64144ccf1df_6.0.19041.1110_none_60b5254171f9507e\COMCTL32.dll
0x00007ffd4b4b0000 - 0x00007ffd4b4ba000 	C:\Windows\SYSTEM32\VERSION.dll
0x00007ffd57a10000 - 0x00007ffd57a2a000 	C:\Program Files\Java\jdk-18.0.1\bin\VCRUNTIME140.dll
0x00007ffd5d220000 - 0x00007ffd5d250000 	C:\Windows\System32\IMM32.DLL
0x00007ffd57a60000 - 0x00007ffd57a6c000 	C:\Program Files\Java\jdk-18.0.1\bin\vcruntime140_1.dll
0x00007ffd46ec0000 - 0x00007ffd46f4d000 	C:\Program Files\Java\jdk-18.0.1\bin\msvcp140.dll
0x00007ffd25400000 - 0x00007ffd26010000 	C:\Program Files\Java\jdk-18.0.1\bin\server\jvm.dll
0x00007ffd5d4f0000 - 0x00007ffd5d4f8000 	C:\Windows\System32\PSAPI.DLL
0x00007ffd415b0000 - 0x00007ffd415b9000 	C:\Windows\SYSTEM32\WSOCK32.dll
0x00007ffd5d500000 - 0x00007ffd5d56b000 	C:\Windows\System32\WS2_32.dll
0x00007ffd42bc0000 - 0x00007ffd42be7000 	C:\Windows\SYSTEM32\WINMM.dll
0x00007ffd5a5f0000 - 0x00007ffd5a602000 	C:\Windows\SYSTEM32\kernel.appcore.dll
0x00007ffd57960000 - 0x00007ffd5796a000 	C:\Program Files\Java\jdk-18.0.1\bin\jimage.dll
0x00007ffd49c00000 - 0x00007ffd49de4000 	C:\Windows\SYSTEM32\DBGHELP.DLL
0x00007ffd49bd0000 - 0x00007ffd49bfc000 	C:\Windows\SYSTEM32\dbgcore.DLL
0x00007ffd5ce00000 - 0x00007ffd5ce82000 	C:\Windows\System32\bcryptPrimitives.dll
0x00007ffd576f0000 - 0x00007ffd576fe000 	C:\Program Files\Java\jdk-18.0.1\bin\instrument.dll
0x00007ffd52960000 - 0x00007ffd52985000 	C:\Program Files\Java\jdk-18.0.1\bin\java.dll
0x00007ffd410f0000 - 0x00007ffd411c6000 	C:\Program Files\Java\jdk-18.0.1\bin\jsvml.dll
0x00007ffd5d8c0000 - 0x00007ffd5e004000 	C:\Windows\System32\SHELL32.dll
0x00007ffd5a610000 - 0x00007ffd5ada4000 	C:\Windows\SYSTEM32\windows.storage.dll
0x00007ffd5e010000 - 0x00007ffd5e364000 	C:\Windows\System32\combase.dll
0x00007ffd5bed0000 - 0x00007ffd5bf00000 	C:\Windows\SYSTEM32\Wldp.dll
0x00007ffd5e370000 - 0x00007ffd5e41d000 	C:\Windows\System32\SHCORE.dll
0x00007ffd5d490000 - 0x00007ffd5d4e5000 	C:\Windows\System32\shlwapi.dll
0x00007ffd5c490000 - 0x00007ffd5c4af000 	C:\Windows\SYSTEM32\profapi.dll
0x00007ffd52940000 - 0x00007ffd52958000 	C:\Program Files\Java\jdk-18.0.1\bin\zip.dll
0x00007ffd4ca30000 - 0x00007ffd4ca43000 	C:\Program Files\Java\jdk-18.0.1\bin\net.dll
0x00007ffd4f870000 - 0x00007ffd4f97a000 	C:\Windows\SYSTEM32\WINHTTP.dll
0x00007ffd5bcb0000 - 0x00007ffd5bd1a000 	C:\Windows\system32\mswsock.dll
0x00007ffd4ca10000 - 0x00007ffd4ca26000 	C:\Program Files\Java\jdk-18.0.1\bin\nio.dll
0x00007ffd4c810000 - 0x00007ffd4c82a000 	C:\IntelliJ IDEA Community Edition 2022.1\bin\breakgen64.dll
0x00007ffd576e0000 - 0x00007ffd576f0000 	C:\Program Files\Java\jdk-18.0.1\bin\verify.dll
0x00007ffd55900000 - 0x00007ffd55909000 	C:\Program Files\Java\jdk-18.0.1\bin\management.dll
0x00007ffd52910000 - 0x00007ffd5291b000 	C:\Program Files\Java\jdk-18.0.1\bin\management_ext.dll
0x00007ffd4c7f0000 - 0x00007ffd4c807000 	C:\Windows\system32\napinsp.dll
0x00007ffd4c4c0000 - 0x00007ffd4c4db000 	C:\Windows\system32\pnrpnsp.dll
0x00007ffd3bae0000 - 0x00007ffd3baf5000 	C:\Windows\system32\wshbth.dll
0x00007ffd578e0000 - 0x00007ffd578fd000 	C:\Windows\system32\NLAapi.dll
0x00007ffd5b970000 - 0x00007ffd5b9ab000 	C:\Windows\SYSTEM32\IPHLPAPI.DLL
0x00007ffd5b9b0000 - 0x00007ffd5ba7a000 	C:\Windows\SYSTEM32\DNSAPI.dll
0x00007ffd5e420000 - 0x00007ffd5e428000 	C:\Windows\System32\NSI.dll
0x00007ffd4bc80000 - 0x00007ffd4bc92000 	C:\Windows\System32\winrnr.dll
0x00007ffd4ef80000 - 0x00007ffd4ef8a000 	C:\Windows\System32\rasadhlp.dll
0x00007ffd50380000 - 0x00007ffd50400000 	C:\Windows\System32\fwpuclnt.dll
0x00007ffd5c6e0000 - 0x00007ffd5c707000 	C:\Windows\System32\bcrypt.dll
0x00007ffd5c090000 - 0x00007ffd5c0a8000 	C:\Windows\SYSTEM32\CRYPTSP.dll
0x00007ffd5b5e0000 - 0x00007ffd5b614000 	C:\Windows\system32\rsaenh.dll
0x00007ffd5c410000 - 0x00007ffd5c43e000 	C:\Windows\SYSTEM32\USERENV.dll
0x00007ffd5be40000 - 0x00007ffd5be4c000 	C:\Windows\SYSTEM32\CRYPTBASE.dll
0x00007ffd54040000 - 0x00007ffd54057000 	C:\Windows\SYSTEM32\dhcpcsvc6.DLL
0x00007ffd53fd0000 - 0x00007ffd53fed000 	C:\Windows\SYSTEM32\dhcpcsvc.DLL
0x00007ffd4ce50000 - 0x00007ffd4ce5e000 	C:\Program Files\Java\jdk-18.0.1\bin\sunmscapi.dll
0x00007ffd5c580000 - 0x00007ffd5c6d6000 	C:\Windows\System32\CRYPT32.dll
0x00007ffd5bf40000 - 0x00007ffd5bf67000 	C:\Windows\SYSTEM32\ncrypt.dll
0x00007ffd5bf00000 - 0x00007ffd5bf3b000 	C:\Windows\SYSTEM32\NTASN1.dll

dbghelp: loaded successfully - version: 4.0.5 - missing functions: none
symbol engine: initialized successfully - sym options: 0x614 - pdb path: .;C:\Program Files\Java\jdk-18.0.1\bin;C:\Windows\SYSTEM32;C:\Windows\WinSxS\amd64_microsoft.windows.common-controls_6595b64144ccf1df_6.0.19041.1110_none_60b5254171f9507e;C:\Program Files\Java\jdk-18.0.1\bin\server;C:\IntelliJ IDEA Community Edition 2022.1\bin

VM Arguments:
jvm_args: -javaagent:C:\IntelliJ IDEA Community Edition 2022.1\lib\idea_rt.jar=57062:C:\IntelliJ IDEA Community Edition 2022.1\bin -Dfile.encoding=UTF-8 
java_command: com.gestion.concoursspringboot.ConcoursSpringbootApplication
java_class_path (initial): C:\Users\Mitsanta ANDRIAH\Desktop\concours-springboot\target\classes;C:\Users\Mitsanta ANDRIAH\.m2\repository\org\springframework\boot\spring-boot-starter-data-jpa\2.7.3\spring-boot-starter-data-jpa-2.7.3.jar;C:\Users\Mitsanta ANDRIAH\.m2\repository\org\springframework\boot\spring-boot-starter-aop\2.7.3\spring-boot-starter-aop-2.7.3.jar;C:\Users\Mitsanta ANDRIAH\.m2\repository\org\aspectj\aspectjweaver\1.9.7\aspectjweaver-1.9.7.jar;C:\Users\Mitsanta ANDRIAH\.m2\repository\org\springframework\boot\spring-boot-starter-jdbc\2.7.3\spring-boot-starter-jdbc-2.7.3.jar;C:\Users\Mitsanta ANDRIAH\.m2\repository\com\zaxxer\HikariCP\4.0.3\HikariCP-4.0.3.jar;C:\Users\Mitsanta ANDRIAH\.m2\repository\org\springframework\spring-jdbc\5.3.22\spring-jdbc-5.3.22.jar;C:\Users\Mitsanta ANDRIAH\.m2\repository\jakarta\transaction\jakarta.transaction-api\1.3.3\jakarta.transaction-api-1.3.3.jar;C:\Users\Mitsanta ANDRIAH\.m2\repository\jakarta\persistence\jakarta.persistence-api\2.2.3\jakarta.persistence-api-2.2.3.jar;C:\Users\Mitsanta ANDRIAH\.m2\repository\org\hibernate\hibernate-core\5.6.10.Final\hibernate-core-5.6.10.Final.jar;C:\Users\Mitsanta ANDRIAH\.m2\repository\org\jboss\logging\jboss-logging\3.4.3.Final\jboss-logging-3.4.3.Final.jar;C:\Users\Mitsanta ANDRIAH\.m2\repository\net\bytebuddy\byte-buddy\1.12.13\byte-buddy-1.12.13.jar;C:\Users\Mitsanta ANDRIAH\.m2\repository\antlr\antlr\2.7.7\antlr-2.7.7.jar;C:\Users\Mitsanta ANDRIAH\.m2\repository\org\jboss\jandex\2.4.2.Final\jandex-2.4.2.Final.jar;C:\Users\Mitsanta ANDRIAH\.m2\repository\com\fasterxml\classmate\1.5.1\classmate-1.5.1.jar;C:\Users\Mitsanta ANDRIAH\.m2\repository\org\hibernate\common\hibernate-commons-annotations\5.1.2.Final\hibernate-commons-annotations-5.1.2.Final.jar;C:\Users\Mitsanta ANDRIAH\.m2\repository\org\glassfish\jaxb\jaxb-runtime\2.3.6\jaxb-runtime-2.3.6.jar;C:\Users\Mitsanta ANDRIAH\.m2\repository\org\glassfish\jaxb\txw2\2.3.6\txw2-2.3.6.jar;C:\Users\Mitsanta ANDRIAH\.m2\repository\com\sun\istack\istack-commons-runtime\3.0.12\istack-commons-runtime-3.0.12.jar;C:\Users\Mitsanta ANDRIAH\.m2\repository\com\sun\activation\jakarta.activation\1.2.2\jakarta.activation-1.2.2.jar;C:\Users\Mitsanta ANDRIAH\.m2\repository\org\springframework\spring-aspects\5.3.22\spring-aspects-5.3.22.jar;C:\Users\Mitsanta ANDRIAH\.m2\repository\org\springframework\boot\spring-boot-starter-web\2.7.3\spring-boot-starter-web-2.7.3.jar;C:\Users\Mitsanta ANDRIAH\.m2\repository\org\springframework\boot\spring-boot-starter-json\2.7.3\spring-boot-starter-json-2.7.3.jar;C:\Users\Mitsanta ANDRIAH\.m2\repository\com\fasterxml\jackson\core\jackson-databind\2.13.3\jackson-databind-2.13.3.jar;C:\Users\Mitsanta ANDRIAH\.m2\repository\com\fasterxml\jackson\core\jackson-annotations\2.13.3\jackson-annotations-2.13.3.jar;C:\Users\Mitsanta ANDRIAH\.m2\repository\com\fasterxml\jackson\core\jackson-core\2.13.3\jackson-core-2.13.3.jar;C:\Users\Mitsanta ANDRIAH\.m2\repository\com\fasterxml\jackson\datatype\jackson-datatype-jdk8\2.13.3\jackson-datatype-jdk8-2.13.3.jar;C:\Users\Mitsanta ANDRIAH\.m2\repository\com\fasterxml\jackson\datatype\jackson-datatype-jsr310\2.13.3\jackson-datatype-jsr310-2.13.3.jar;C:\Users\Mitsanta ANDRIAH\.m2\repository\com\fasterxml\jackson\module\jackson-module-parameter-names\2.13.3\jackson-module-parameter-names-2.13.3.jar;C:\Users\Mitsanta ANDRIAH\.m2\repository\org\springframework\boot\spring-boot-starter-tomcat\2.7.3\spring-boot-starter-tomcat-2.7.3.jar;C:\Users\Mitsanta ANDRIAH\.m2\repository\org\apache\tomcat\embed\tomcat-embed-core\9.0.65\tomcat-embed-core-9.0.65.jar;C:\Users\Mitsanta ANDRIAH\.m2\repository\org\apache\tomcat\embed\tomcat-embed-el\9.0.65\tomcat-embed-el-9.0.65.jar;C:\Users\Mitsanta ANDRIAH\.m2\repository\org\apache\tomcat\embed\tomcat-embed-websocket\9.0.65\tomcat-embed-websocket-9.0.65.jar;C:\Users\Mitsanta ANDRIAH\.m2\repository\org\springframework\spring-web\5.3.22\spring-web-5.3.22.jar;C:\Users\Mitsanta ANDRIAH\.m2\repository\org\springframework\spring-webmvc\5.3.22\spring-webmvc-5.3.22.jar;C:\Users\Mitsanta ANDRIAH\.m2\repository\org\springframework\spring-expression\5.3.22\spring-expression-5.3.22.jar;C:\Users\Mitsanta ANDRIAH\.m2\repository\org\springframework\boot\spring-boot-devtools\2.7.3\spring-boot-devtools-2.7.3.jar;C:\Users\Mitsanta ANDRIAH\.m2\repository\org\springframework\boot\spring-boot\2.7.3\spring-boot-2.7.3.jar;C:\Users\Mitsanta ANDRIAH\.m2\repository\org\springframework\boot\spring-boot-autoconfigure\2.7.3\spring-boot-autoconfigure-2.7.3.jar;C:\Users\Mitsanta ANDRIAH\.m2\repository\org\postgresql\postgresql\42.5.0\postgresql-42.5.0.jar;C:\Users\Mitsanta ANDRIAH\.m2\repository\org\checkerframework\checker-qual\3.5.0\checker-qual-3.5.0.jar;C:\Users\Mitsanta ANDRIAH\.m2\repository\org\projectlombok\lombok\1.18.24\lombok-1.18.24.jar;C:\Users\Mitsanta ANDRIAH\.m2\repository\jakarta\xml\bind\jakarta.xml.bind-api\2.3.3\jakarta.xml.bind-api-2.3.3.jar;C:\Users\Mitsanta ANDRIAH\.m2\repository\jakarta\activation\jakarta.activation-api\1.2.2\jakarta.activation-api-1.2.2.jar;C:\Users\Mitsanta ANDRIAH\.m2\repository\org\springframework\spring-core\5.3.22\spring-core-5.3.22.jar;C:\Users\Mitsanta ANDRIAH\.m2\repository\org\springframework\spring-jcl\5.3.22\spring-jcl-5.3.22.jar;C:\Users\Mitsanta ANDRIAH\.m2\repository\org\springframework\data\spring-data-jpa\2.7.2\spring-data-jpa-2.7.2.jar;C:\Users\Mitsanta ANDRIAH\.m2\repository\org\springframework\data\spring-data-commons\2.7.2\spring-data-commons-2.7.2.jar;C:\Users\Mitsanta ANDRIAH\.m2\repository\org\springframework\spring-orm\5.3.22\spring-orm-5.3.22.jar;C:\Users\Mitsanta ANDRIAH\.m2\repository\org\springframework\spring-context\5.3.22\spring-context-5.3.22.jar;C:\Users\Mitsanta ANDRIAH\.m2\repository\org\springframework\spring-aop\5.3.22\spring-aop-5.3.22.jar;C:\Users\Mitsanta ANDRIAH\.m2\repository\org\springframework\spring-tx\5.3.22\spring-tx-5.3.22.jar;C:\Users\Mitsanta ANDRIAH\.m2\repository\org\springframework\spring-beans\5.3.22\spring-beans-5.3.22.jar;C:\Users\Mitsanta ANDRIAH\.m2\repository\org\slf4j\slf4j-api\1.7.36\slf4j-api-1.7.36.jar;C:\Users\Mitsanta ANDRIAH\.m2\repository\org\springframework\boot\spring-boot-starter\2.7.3\spring-boot-starter-2.7.3.jar;C:\Users\Mitsanta ANDRIAH\.m2\repository\org\springframework\boot\spring-boot-starter-logging\2.7.3\spring-boot-starter-logging-2.7.3.jar;C:\Users\Mitsanta ANDRIAH\.m2\repository\ch\qos\logback\logback-classic\1.2.11\logback-classic-1.2.11.jar;C:\Users\Mitsanta ANDRIAH\.m2\repository\ch\qos\logback\logback-core\1.2.11\logback-core-1.2.11.jar;C:\Users\Mitsanta ANDRIAH\.m2\repository\org\apache\logging\log4j\log4j-to-slf4j\2.17.2\log4j-to-slf4j-2.17.2.jar;C:\Users\Mitsanta ANDRIAH\.m2\repository\org\apache\logging\log4j\log4j-api\2.17.2\log4j-api-2.17.2.jar;C:\Users\Mitsanta ANDRIAH\.m2\repository\org\slf4j\jul-to-slf4j\1.7.36\jul-to-slf4j-1.7.36.jar;C:\Users\Mitsanta ANDRIAH\.m2\repository\jakarta\annotation\jakarta.annotation-api\1.3.5\jakarta.annotation-api-1.3.5.jar;C:\Users\Mitsanta ANDRIAH\.m2\repository\org\yaml\snakeyaml\1.30\snakeyaml-1.30.jar
Launcher Type: SUN_STANDARD

[Global flags]
     intx CICompilerCount                          = 2                                         {product} {ergonomic}
     uint ConcGCThreads                            = 1                                         {product} {ergonomic}
     uint G1ConcRefinementThreads                  = 2                                         {product} {ergonomic}
   size_t G1HeapRegionSize                         = 1048576                                   {product} {ergonomic}
    uintx GCDrainStackTargetSize                   = 64                                        {product} {ergonomic}
   size_t InitialHeapSize                          = 134217728                                 {product} {ergonomic}
   size_t MarkStackSize                            = 4194304                                   {product} {ergonomic}
   size_t MaxHeapSize                              = 2118123520                                {product} {ergonomic}
   size_t MaxNewSize                               = 1270874112                                {product} {ergonomic}
   size_t MinHeapDeltaBytes                        = 1048576                                   {product} {ergonomic}
   size_t MinHeapSize                              = 8388608                                   {product} {ergonomic}
    uintx NonNMethodCodeHeapSize                   = 5826188                                {pd product} {ergonomic}
    uintx NonProfiledCodeHeapSize                  = 122916026                              {pd product} {ergonomic}
    uintx ProfiledCodeHeapSize                     = 122916026                              {pd product} {ergonomic}
    uintx ReservedCodeCacheSize                    = 251658240                              {pd product} {ergonomic}
     bool SegmentedCodeCache                       = true                                      {product} {ergonomic}
   size_t SoftMaxHeapSize                          = 2118123520                             {manageable} {ergonomic}
     bool UseCompressedClassPointers               = true                           {product lp64_product} {ergonomic}
     bool UseCompressedOops                        = true                           {product lp64_product} {ergonomic}
     bool UseG1GC                                  = true                                      {product} {ergonomic}
     bool UseLargePagesIndividualAllocation        = false                                  {pd product} {ergonomic}

Logging:
Log output configuration:
 #0: stdout all=warning uptime,level,tags foldmultilines=false
 #1: stderr all=off uptime,level,tags foldmultilines=false

Environment Variables:
JAVA_HOME=C:\Program Files\Java\jdk-18.0.1
PATH=C:\Program Files\Common Files\Oracle\Java\javapath;C:\Windows\system32;C:\Windows;C:\Windows\System32\Wbem;C:\Windows\System32\WindowsPowerShell\v1.0\;C:\Windows\System32\OpenSSH\;C:\Program Files\Microsoft VS Code\bin;C:\Program Files\Git\cmd;C:\Program Files\Docker\Docker\resources\bin;C:\ProgramData\DockerDesktop\version-bin;C:\Program Files\nodejs\;C:\Users\Mitsanta ANDRIAH\AppData\Local\Microsoft\WindowsApps;C:\Users\Mitsanta ANDRIAH\AppData\Local\GitHubDesktop\bin;C:\Users\Mitsanta ANDRIAH\heroku\bin;C:\Users\Mitsanta ANDRIAH\Desktop\apache-maven-3.8.6\bin;C:\Users\Mitsanta ANDRIAH\AppData\Roaming\npm;C:\Program Files\nodejs\node.exe;
USERNAME=Mitsanta ANDRIAH
OS=Windows_NT
PROCESSOR_IDENTIFIER=Intel64 Family 6 Model 60 Stepping 3, GenuineIntel



---------------  S Y S T E M  ---------------

OS:
 Windows 10 , 64 bit Build 19041 (10.0.19041.1889)
OS uptime: 0 days 12:49 hours
Hyper-V role detected

CPU: total 2 (initial active 2) (2 cores per cpu, 2 threads per core) family 6 model 60 stepping 3 microcode 0x27, cx8, cmov, fxsr, ht, mmx, sse, sse2, sse3, ssse3, sse4.1, sse4.2, popcnt, lzcnt, tsc, tscinvbit, avx, avx2, aes, erms, clmul, bmi1, bmi2, fma, vzeroupper, clflush, hv

Memory: 4k page, system-wide physical 8073M (660M free)
TotalPageFile size 8073M (AvailPageFile size 5M)
current process WorkingSet (physical memory assigned to process): 194M, peak: 221M
current process commit charge ("private bytes"): 221M, peak: 251M

vm_info: Java HotSpot(TM) 64-Bit Server VM (18.0.1+10-24) for windows-amd64 JRE (18.0.1+10-24), built on Mar  9 2022 22:41:56 by "mach5one" with MS VC++ 16.8 / 16.9 (VS2019)

END.
